# JRE version: OpenJDK Runtime Environment (17.0.9) (build 17.0.9+0--11185874)
# Java VM: OpenJDK 64-Bit Server VM (17.0.9+0--11185874, mixed mode, tiered, compressed oops, compressed class ptrs, g1 gc, windows-amd64)
GC Precious Log:
 CPUs: 12 total, 12 available
 Memory: 16077M
 Large Page Support: Disabled
 NUMA Support: Disabled
 Compressed Oops: Enabled (32-bit)
 Heap Region Size: 1M
 Heap Min Capacity: 8M
 Heap Initial Capacity: 252M
 Heap Max Capacity: 2G
 Pre-touch: Disabled
 Parallel Workers: 10
 Concurrent Workers: 3
 Concurrent Refinement Workers: 10
 Periodic GC: Disabled
Heap:
 garbage-first heap   total 275456K, used 207383K [0x0000000080000000, 0x0000000100000000)
  region size 1024K, 4 young (4096K), 4 survivors (4096K)
 Metaspace       used 109267K, committed 110080K, reserved 1179648K
  class space    used 15512K, committed 15872K, reserved 1048576K
GC Heap History (20 events):
Event: 13.454 GC heap after
{Heap after GC invocations=55 (full 0):
 garbage-first heap   total 201728K, used 100506K [0x0000000080000000, 0x0000000100000000)
  region size 1024K, 5 young (5120K), 5 survivors (5120K)
 Metaspace       used 100224K, committed 100992K, reserved 1179648K
  class space    used 14134K, committed 14528K, reserved 1048576K
}
Event: 13.919 GC heap before
{Heap before GC invocations=56 (full 0):
 garbage-first heap   total 201728K, used 171162K [0x0000000080000000, 0x0000000100000000)
  region size 1024K, 70 young (71680K), 5 survivors (5120K)
 Metaspace       used 102290K, committed 103040K, reserved 1179648K
  class space    used 14305K, committed 14656K, reserved 1048576K
}
Event: 13.924 GC heap after
{Heap after GC invocations=57 (full 0):
 garbage-first heap   total 201728K, used 104476K [0x0000000080000000, 0x0000000100000000)
  region size 1024K, 9 young (9216K), 9 survivors (9216K)
 Metaspace       used 102290K, committed 103040K, reserved 1179648K
  class space    used 14305K, committed 14656K, reserved 1048576K
}
Event: 13.941 GC heap before
{Heap before GC invocations=57 (full 0):
 garbage-first heap   total 201728K, used 106524K [0x0000000080000000, 0x0000000100000000)
  region size 1024K, 12 young (12288K), 9 survivors (9216K)
 Metaspace       used 102457K, committed 103296K, reserved 1179648K
  class space    used 14325K, committed 14720K, reserved 1048576K
}
Event: 13.945 GC heap after
{Heap after GC invocations=58 (full 0):
 garbage-first heap   total 201728K, used 105289K [0x0000000080000000, 0x0000000100000000)
  region size 1024K, 2 young (2048K), 2 survivors (2048K)
 Metaspace       used 102457K, committed 103296K, reserved 1179648K
  class space    used 14325K, committed 14720K, reserved 1048576K
}
Event: 14.349 GC heap before
{Heap before GC invocations=59 (full 0):
 garbage-first heap   total 208896K, used 146249K [0x0000000080000000, 0x0000000100000000)
  region size 1024K, 33 young (33792K), 2 survivors (2048K)
 Metaspace       used 105771K, committed 106560K, reserved 1179648K
  class space    used 14805K, committed 15168K, reserved 1048576K
}
Event: 14.353 GC heap after
{Heap after GC invocations=60 (full 0):
 garbage-first heap   total 208896K, used 120517K [0x0000000080000000, 0x0000000100000000)
  region size 1024K, 6 young (6144K), 6 survivors (6144K)
 Metaspace       used 105771K, committed 106560K, reserved 1179648K
  class space    used 14805K, committed 15168K, reserved 1048576K
}
Event: 14.676 GC heap before
{Heap before GC invocations=61 (full 0):
 garbage-first heap   total 275456K, used 194245K [0x0000000080000000, 0x0000000100000000)
  region size 1024K, 51 young (52224K), 6 survivors (6144K)
 Metaspace       used 106313K, committed 107136K, reserved 1179648K
  class space    used 14896K, committed 15296K, reserved 1048576K
}
Event: 14.689 GC heap after
{Heap after GC invocations=62 (full 0):
 garbage-first heap   total 275456K, used 146363K [0x0000000080000000, 0x0000000100000000)
  region size 1024K, 7 young (7168K), 7 survivors (7168K)
 Metaspace       used 106313K, committed 107136K, reserved 1179648K
  class space    used 14896K, committed 15296K, reserved 1048576K
}
Event: 14.697 GC heap before
{Heap before GC invocations=62 (full 0):
 garbage-first heap   total 275456K, used 146363K [0x0000000080000000, 0x0000000100000000)
  region size 1024K, 8 young (8192K), 7 survivors (7168K)
 Metaspace       used 106313K, committed 107136K, reserved 1179648K
  class space    used 14896K, committed 15296K, reserved 1048576K
}
Event: 14.702 GC heap after
{Heap after GC invocations=63 (full 0):
 garbage-first heap   total 275456K, used 147363K [0x0000000080000000, 0x0000000100000000)
  region size 1024K, 1 young (1024K), 1 survivors (1024K)
 Metaspace       used 106313K, committed 107136K, reserved 1179648K
  class space    used 14896K, committed 15296K, reserved 1048576K
}
Event: 14.846 GC heap before
{Heap before GC invocations=64 (full 0):
 garbage-first heap   total 275456K, used 159651K [0x0000000080000000, 0x0000000100000000)
  region size 1024K, 13 young (13312K), 1 survivors (1024K)
 Metaspace       used 106313K, committed 107136K, reserved 1179648K
  class space    used 14896K, committed 15296K, reserved 1048576K
}
Event: 14.852 GC heap after
{Heap after GC invocations=65 (full 0):
 garbage-first heap   total 275456K, used 152954K [0x0000000080000000, 0x0000000100000000)
  region size 1024K, 6 young (6144K), 6 survivors (6144K)
 Metaspace       used 106313K, committed 107136K, reserved 1179648K
  class space    used 14896K, committed 15296K, reserved 1048576K
}
Event: 15.196 GC heap before
{Heap before GC invocations=66 (full 0):
 garbage-first heap   total 275456K, used 204154K [0x0000000080000000, 0x0000000100000000)
  region size 1024K, 55 young (56320K), 6 survivors (6144K)
 Metaspace       used 109085K, committed 109888K, reserved 1179648K
  class space    used 15511K, committed 15872K, reserved 1048576K
}
Event: 15.213 GC heap after
{Heap after GC invocations=67 (full 0):
 garbage-first heap   total 275456K, used 170773K [0x0000000080000000, 0x0000000100000000)
  region size 1024K, 7 young (7168K), 7 survivors (7168K)
 Metaspace       used 109085K, committed 109888K, reserved 1179648K
  class space    used 15511K, committed 15872K, reserved 1048576K
}
Event: 15.230 GC heap before
{Heap before GC invocations=67 (full 0):
 garbage-first heap   total 275456K, used 176917K [0x0000000080000000, 0x0000000100000000)
  region size 1024K, 13 young (13312K), 7 survivors (7168K)
 Metaspace       used 109122K, committed 109952K, reserved 1179648K
  class space    used 15511K, committed 15872K, reserved 1048576K
}
Event: 15.242 GC heap after
{Heap after GC invocations=68 (full 0):
 garbage-first heap   total 275456K, used 174509K [0x0000000080000000, 0x0000000100000000)
  region size 1024K, 2 young (2048K), 2 survivors (2048K)
 Metaspace       used 109122K, committed 109952K, reserved 1179648K
  class space    used 15511K, committed 15872K, reserved 1048576K
}
Event: 15.329 GC heap before
{Heap before GC invocations=68 (full 0):
 garbage-first heap   total 275456K, used 211373K [0x0000000080000000, 0x0000000100000000)
  region size 1024K, 38 young (38912K), 2 survivors (2048K)
 Metaspace       used 109209K, committed 110016K, reserved 1179648K
  class space    used 15512K, committed 15872K, reserved 1048576K
}
Event: 15.342 GC heap after
{Heap after GC invocations=69 (full 0):
 garbage-first heap   total 275456K, used 193405K [0x0000000080000000, 0x0000000100000000)
  region size 1024K, 5 young (5120K), 5 survivors (5120K)
 Metaspace       used 109209K, committed 110016K, reserved 1179648K
  class space    used 15512K, committed 15872K, reserved 1048576K
}
Event: 15.451 GC heap before
{Heap before GC invocations=69 (full 0):
 garbage-first heap   total 275456K, used 217981K [0x0000000080000000, 0x0000000100000000)
  region size 1024K, 30 young (30720K), 5 survivors (5120K)
 Metaspace       used 109267K, committed 110080K, reserved 1179648K
  class space    used 15512K, committed 15872K, reserved 1048576K
}

